<?xml version="1.0" encoding="UTF-8"?>
<!-- Generated by org.testng.reporters.JUnitReportReporter -->
<testsuite name="regression.launchbrowser" tests="1" time="3.486" ignored="0" failures="0" timestamp="03 Sep 2017 07:02:44 GMT" skipped="0" hostname="DESKTOP-LTL258K" errors="0">
  <testcase name="launch" time="3.486" classname="regression.launchbrowser"/>
</testsuite> <!-- regression.launchbrowser -->
