<?xml version="1.0" encoding="UTF-8"?>
<!-- Generated by org.testng.reporters.JUnitReportReporter -->
<testsuite name="regression.testcase2" tests="1" time="0.004" ignored="0" failures="0" timestamp="03 Sep 2017 06:44:37 GMT" skipped="0" hostname="DESKTOP-LTL258K" errors="0">
  <testcase name="tc2" time="0.004" classname="regression.testcase2"/>
</testsuite> <!-- regression.testcase2 -->
