<?xml version="1.0" encoding="UTF-8"?>
<!-- Generated by org.testng.reporters.JUnitReportReporter -->
<testsuite name="regression.testcase1" tests="1" time="0.013" ignored="0" failures="0" timestamp="03 Sep 2017 06:44:37 GMT" skipped="0" hostname="DESKTOP-LTL258K" errors="0">
  <testcase name="tc1" time="0.013" classname="regression.testcase1"/>
</testsuite> <!-- regression.testcase1 -->
