<?xml version="1.0" encoding="UTF-8"?>
<!-- Generated by org.testng.reporters.JUnitReportReporter -->
<testsuite skipped="0" hostname="DESKTOP-LTL258K" name="regression.testcase2" tests="1" failures="0" timestamp="29 Sep 2017 16:34:33 GMT" time="0.000" errors="0">
  <testcase name="tc2" time="0.000" classname="regression.testcase2"/>
</testsuite> <!-- regression.testcase2 -->
