<?xml version="1.0" encoding="UTF-8"?>
<!-- Generated by org.testng.reporters.JUnitReportReporter -->
<testsuite skipped="0" hostname="DESKTOP-LTL258K" name="regression.testcase1" tests="1" failures="0" timestamp="29 Sep 2017 16:34:33 GMT" time="0.016" errors="0">
  <testcase name="tc1" time="0.016" classname="regression.testcase1"/>
</testsuite> <!-- regression.testcase1 -->
